ERC report (2025-07-07T12:19:00-0500, Encoding UTF8)

***** Sheet /
[pin_not_connected]: Pin not connected
    ; error
    @(4300 mils, 2650 mils): Symbol U1 Pin 7 [SENSOR_CAPN, Input, Line]
[pin_not_connected]: Pin not connected
    ; error
    @(4300 mils, 2550 mils): Symbol U1 Pin 6 [SENSOR_CAPP, Input, Line]
[power_pin_not_driven]: Input Power pin not driven by any Output Power pins
    ; error
    @(2730 mils, 6030 mils): Symbol U3 Pin 2 [GND, Power input, Line]
[pin_not_connected]: Pin not connected
    ; error
    @(7750 mils, 3700 mils): Symbol U2 Pin 18 [SCK_~{RTS}, Input, Line]
[pin_not_connected]: Pin not connected
    ; error
    @(7750 mils, 3800 mils): Symbol U2 Pin 19 [~{SS_CTS}, Input, Line]
[pin_not_connected]: Pin not connected
    ; error
    @(9350 mils, 3600 mils): Symbol U2 Pin 7 [BUSY, Output, Line]
[pin_not_connected]: Pin not connected
    ; error
    @(9350 mils, 3300 mils): Symbol U2 Pin 12 [DCC_FB, Output, Line]
[pin_not_connected]: Pin not connected
    ; error
    @(9350 mils, 3400 mils): Symbol U2 Pin 14 [DCC_SW, Output, Line]
[pin_not_connected]: Pin not connected
    ; error
    @(9350 mils, 3800 mils): Symbol U2 Pin 8 [DIO1, Bidirectional, Line]
[pin_not_connected]: Pin not connected
    ; error
    @(9350 mils, 3900 mils): Symbol U2 Pin 9 [DIO2, Bidirectional, Line]
[pin_not_connected]: Pin not connected
    ; error
    @(9350 mils, 4000 mils): Symbol U2 Pin 10 [DIO3, Bidirectional, Line]
[pin_not_connected]: Pin not connected
    ; error
    @(9350 mils, 4400 mils): Symbol U2 Pin 25 [EXP, Power input, Line]
[power_pin_not_driven]: Input Power pin not driven by any Output Power pins
    ; error (excluded)
    @(9350 mils, 4500 mils): Symbol U2 Pin 5 [GND, Power input, Line]
[power_pin_not_driven]: Input Power pin not driven by any Output Power pins
    ; error
    @(9350 mils, 2800 mils): Symbol U2 Pin 1 [VR_PA, Power input, Line]
[power_pin_not_driven]: Input Power pin not driven by any Output Power pins
    ; error
    @(9350 mils, 2900 mils): Symbol U2 Pin 11 [VBAT_IO, Power input, Line]
[power_pin_not_driven]: Input Power pin not driven by any Output Power pins
    ; error
    @(9350 mils, 3000 mils): Symbol U2 Pin 15 [VBAT, Power input, Line]
[power_pin_not_driven]: Input Power pin not driven by any Output Power pins
    ; error
    @(9350 mils, 4400 mils): Symbol U2 Pin 25 [EXP, Power input, Line]
[lib_symbol_mismatch]: Symbol '4-1437565-9' doesn't match copy in library 'boot-button1'
    ; warning (excluded)
    @(2230 mils, 3680 mils): Symbol SW1 [4-1437565-9]
[endpoint_off_grid]: Symbol pin or wire end off connection grid
    ;  (excluded)
[pin_not_connected]: Pin not connected
    ; error
    @(4300 mils, 4850 mils): Symbol U1 Pin 38 [IO19, Bidirectional, Line]
[pin_not_connected]: Pin not connected
    ; error
    @(4300 mils, 4750 mils): Symbol U1 Pin 35 [IO18, Bidirectional, Line]
[pin_not_connected]: Pin not connected
    ; error
    @(4300 mils, 4050 mils): Symbol U1 Pin 34 [IO5, Bidirectional, Line]
[pin_not_connected]: Pin not connected
    ; error
    @(4300 mils, 4350 mils): Symbol U1 Pin 17 [IO14, Bidirectional, Line]
[pin_not_connected]: Pin not connected
    ; error
    @(4300 mils, 4950 mils): Symbol U1 Pin 42 [IO21, Bidirectional, Line]
[pin_not_connected]: Pin not connected
    ; error
    @(4300 mils, 4450 mils): Symbol U1 Pin 21 [IO15, Bidirectional, Line]
[pin_not_connected]: Pin not connected
    ; error
    @(4300 mils, 4150 mils): Symbol U1 Pin 18 [IO12, Bidirectional, Line]
[pin_not_connected]: Pin not connected
    ; error
    @(4300 mils, 2850 mils): Symbol U1 Pin 5 [SENSOR_VP, Input, Line]
[pin_not_connected]: Pin not connected
    ; error
    @(6100 mils, 2850 mils): Symbol U1 Pin 32 [SD0, Bidirectional, Line]
[pin_not_connected]: Pin not connected
    ; error
    @(6100 mils, 3050 mils): Symbol U1 Pin 28 [SD2, Bidirectional, Line]
[pin_not_connected]: Pin not connected
    ; error
    @(6100 mils, 2950 mils): Symbol U1 Pin 33 [SD1, Bidirectional, Line]
[pin_not_connected]: Pin not connected
    ; error
    @(6100 mils, 4350 mils): Symbol U1 Pin 13 [IO33, Bidirectional, Line]
[pin_not_connected]: Pin not connected
    ; error
    @(6100 mils, 3850 mils): Symbol U1 Pin 36 [IO23, Bidirectional, Line]
[pin_not_connected]: Pin not connected
    ; error
    @(6100 mils, 3950 mils): Symbol U1 Pin 14 [IO25, Bidirectional, Line]
[pin_not_connected]: Pin not connected
    ; error
    @(6100 mils, 4150 mils): Symbol U1 Pin 16 [IO27, Bidirectional, Line]
[pin_not_connected]: Pin not connected
    ; error
    @(6100 mils, 4250 mils): Symbol U1 Pin 12 [IO32, Bidirectional, Line]
[pin_not_connected]: Pin not connected
    ; error
    @(6100 mils, 4050 mils): Symbol U1 Pin 15 [IO26, Bidirectional, Line]
[pin_not_connected]: Pin not connected
    ; error
    @(4300 mils, 3150 mils): Symbol U1 Pin 9 [EN, Input, Line]
[pin_not_connected]: Pin not connected
    ; error
    @(4300 mils, 2950 mils): Symbol U1 Pin 8 [SENSOR_VN, Input, Line]
[pin_not_connected]: Pin not connected
    ; error
    @(4300 mils, 3750 mils): Symbol U1 Pin 23 [IO0, Bidirectional, Line]
[pin_not_connected]: Pin not connected
    ; error
    @(4300 mils, 3350 mils): Symbol U1 Pin 10 [IO34, Input, Line]
[pin_not_connected]: Pin not connected
    ; error
    @(4300 mils, 3450 mils): Symbol U1 Pin 11 [IO35, Input, Line]
[pin_not_connected]: Pin not connected
    ; error
    @(6100 mils, 2550 mils): Symbol U1 Pin 41 [U0TXD, Bidirectional, Line]
[pin_not_connected]: Pin not connected
    ; error
    @(4300 mils, 3850 mils): Symbol U1 Pin 22 [IO2, Bidirectional, Line]
[pin_not_connected]: Pin not connected
    ; error
    @(6100 mils, 2650 mils): Symbol U1 Pin 40 [U0RXD, Bidirectional, Line]
[power_pin_not_driven]: Input Power pin not driven by any Output Power pins
    ; error (excluded)
    @(6100 mils, 1950 mils): Symbol U1 Pin 1 [VDDA, Power input, Line]
[power_pin_not_driven]: Input Power pin not driven by any Output Power pins
    ; error
    @(6100 mils, 5150 mils): Symbol U1 Pin 49 [GND, Power input, Line]
[pin_not_connected]: Pin not connected
    ; error
    @(6100 mils, 3750 mils): Symbol U1 Pin 39 [IO22, Bidirectional, Line]
[pin_not_connected]: Pin not connected
    ; error
    @(6100 mils, 3550 mils): Symbol U1 Pin 2 [LNA_IN, Bidirectional, Line]
[pin_not_connected]: Pin not connected
    ; error
    @(6100 mils, 3150 mils): Symbol U1 Pin 29 [SD3, Bidirectional, Line]
[pin_not_connected]: Pin not connected
    ; error
    @(6100 mils, 3450 mils): Symbol U1 Pin 30 [CMD, Bidirectional, Line]
[pin_not_connected]: Pin not connected
    ; error
    @(6100 mils, 3350 mils): Symbol U1 Pin 31 [CLK, Bidirectional, Clock]
[pin_not_connected]: Pin not connected
    ; error
    @(9350 mils, 2800 mils): Symbol U2 Pin 1 [VR_PA, Power input, Line]
[pin_not_connected]: Pin not connected
    ; error
    @(9350 mils, 2900 mils): Symbol U2 Pin 11 [VBAT_IO, Power input, Line]
[pin_not_connected]: Pin not connected
    ; error
    @(9350 mils, 3000 mils): Symbol U2 Pin 15 [VBAT, Power input, Line]

 ** ERC messages: 54  Errors 52  Warnings 1
